2020-06-08 13:58:09.334  INFO 16980 --- [main] lavalink.server.Launcher                 : 

[32m       .  [31m _                  _ _       _    [32m__ _ _
[32m      /\\ [31m| | __ ___   ____ _| (_)_ __ | | __[32m\ \ \ \
[32m     ( ( )[31m| |/ _` \ \ / / _` | | | '_ \| |/ /[32m \ \ \ \
[32m      \\/ [31m| | (_| |\ V / (_| | | | | | |   < [32m  ) ) ) )
[32m       '  [31m|_|\__,_| \_/ \__,_|_|_|_| |_|_|\_\[32m / / / /
[0m    =========================================[32m/_/_/_/[0m

	Version:        3.3.1
	Build:          997
	Build time:     25.03.2020 12:30:43 UTC
	Branch          master
	Commit:         29f68ba
	Commit time:    25.03.2020 12:28:48 UTC
	JVM:            11.0.7
	Lavaplayer      1.3.38

2020-06-08 13:58:09.555  INFO 16980 --- [main] lavalink.server.Launcher                 : Starting Launcher on Family-HP with PID 16980 (C:\Users\Family\Desktop\Jamie\music_jambot\Lavalink.jar started by Family in C:\Users\Family\Desktop\Jamie\music_jambot)
2020-06-08 13:58:09.558  INFO 16980 --- [main] lavalink.server.Launcher                 : No active profile set, falling back to default profiles: default
2020-06-08 13:58:09.751  WARN 16980 --- [background-preinit] o.s.h.c.j.Jackson2ObjectMapperBuilder    : For Jackson Kotlin classes support please add "com.fasterxml.jackson.module:jackson-module-kotlin" to the classpath
2020-06-08 13:58:12.506  WARN 16980 --- [main] io.undertow.websockets.jsr               : UT026010: Buffer pool was not set on WebSocketDeploymentInfo, the default pool will be used
2020-06-08 13:58:12.555  INFO 16980 --- [main] io.undertow.servlet                      : Initializing Spring embedded WebApplicationContext
2020-06-08 13:58:12.557  INFO 16980 --- [main] o.s.web.context.ContextLoader            : Root WebApplicationContext: initialization completed in 2848 ms
2020-06-08 13:58:13.228  WARN 16980 --- [main] l.server.config.SentryConfiguration      : Turning off sentry
2020-06-08 13:58:13.253  INFO 16980 --- [main] l.s.c.AudioSendFactoryConfiguration      : OS: Windows 10, Arch: amd64
2020-06-08 13:58:13.254  INFO 16980 --- [main] l.s.c.AudioSendFactoryConfiguration      : JDA-NAS supported system detected. Enabled native audio sending.
2020-06-08 13:58:13.254  INFO 16980 --- [main] l.s.c.AudioSendFactoryConfiguration      : Setting buffer to 400ms
2020-06-08 13:58:13.255  INFO 16980 --- [main] l.s.c.AudioSendFactoryConfiguration      : Setting playlist load limit to 6
2020-06-08 13:58:13.733  INFO 16980 --- [main] c.s.d.l.tools.GarbageCollectionMonitor   : GC monitoring enabled, reporting results every 2 minutes.
2020-06-08 13:58:14.514  INFO 16980 --- [main] o.s.s.concurrent.ThreadPoolTaskExecutor  : Initializing ExecutorService 'applicationTaskExecutor'
2020-06-08 13:58:15.190  INFO 16980 --- [main] org.xnio                                 : XNIO version 3.3.8.Final
2020-06-08 13:58:15.210  INFO 16980 --- [main] org.xnio.nio                             : XNIO NIO Implementation Version 3.3.8.Final
2020-06-08 13:58:15.343  INFO 16980 --- [main] o.s.b.w.e.u.UndertowServletWebServer     : Undertow started on port(s) 2333 (http) with context path ''
2020-06-08 13:58:15.350  INFO 16980 --- [main] lavalink.server.Launcher                 : Started Launcher in 7.126 seconds (JVM running for 8.084)
2020-06-08 14:53:35.384  INFO 16980 --- [Thread-1] o.s.s.concurrent.ThreadPoolTaskExecutor  : Shutting down ExecutorService 'applicationTaskExecutor'
2020-06-08 14:53:35.388  INFO 16980 --- [Thread-1] c.s.d.l.tools.GarbageCollectionMonitor   : GC monitoring disabled.
2020-06-08 15:02:50.232  INFO 16924 --- [main] lavalink.server.Launcher                 : 

[32m       .  [31m _                  _ _       _    [32m__ _ _
[32m      /\\ [31m| | __ ___   ____ _| (_)_ __ | | __[32m\ \ \ \
[32m     ( ( )[31m| |/ _` \ \ / / _` | | | '_ \| |/ /[32m \ \ \ \
[32m      \\/ [31m| | (_| |\ V / (_| | | | | | |   < [32m  ) ) ) )
[32m       '  [31m|_|\__,_| \_/ \__,_|_|_|_| |_|_|\_\[32m / / / /
[0m    =========================================[32m/_/_/_/[0m

	Version:        3.3.1
	Build:          997
	Build time:     25.03.2020 12:30:43 UTC
	Branch          master
	Commit:         29f68ba
	Commit time:    25.03.2020 12:28:48 UTC
	JVM:            11.0.7
	Lavaplayer      1.3.38

2020-06-08 15:02:50.506  INFO 16924 --- [main] lavalink.server.Launcher                 : Starting Launcher on Family-HP with PID 16924 (C:\Users\Family\Desktop\lavabot\Lavalink.jar started by Family in C:\Users\Family\Desktop\lavabot)
2020-06-08 15:02:50.507  INFO 16924 --- [main] lavalink.server.Launcher                 : No active profile set, falling back to default profiles: default
2020-06-08 15:02:50.743  WARN 16924 --- [background-preinit] o.s.h.c.j.Jackson2ObjectMapperBuilder    : For Jackson Kotlin classes support please add "com.fasterxml.jackson.module:jackson-module-kotlin" to the classpath
2020-06-08 15:02:53.591  WARN 16924 --- [main] io.undertow.websockets.jsr               : UT026010: Buffer pool was not set on WebSocketDeploymentInfo, the default pool will be used
2020-06-08 15:02:53.628  INFO 16924 --- [main] io.undertow.servlet                      : Initializing Spring embedded WebApplicationContext
2020-06-08 15:02:53.629  INFO 16924 --- [main] o.s.web.context.ContextLoader            : Root WebApplicationContext: initialization completed in 3010 ms
2020-06-08 15:02:54.336  WARN 16924 --- [main] l.server.config.SentryConfiguration      : Turning off sentry
2020-06-08 15:02:54.366  INFO 16924 --- [main] l.s.c.AudioSendFactoryConfiguration      : OS: Windows 10, Arch: amd64
2020-06-08 15:02:54.369  INFO 16924 --- [main] l.s.c.AudioSendFactoryConfiguration      : JDA-NAS supported system detected. Enabled native audio sending.
2020-06-08 15:02:54.370  INFO 16924 --- [main] l.s.c.AudioSendFactoryConfiguration      : Setting buffer to 400ms
2020-06-08 15:02:54.371  INFO 16924 --- [main] l.s.c.AudioSendFactoryConfiguration      : Setting playlist load limit to 6
2020-06-08 15:02:55.027  INFO 16924 --- [main] c.s.d.l.tools.GarbageCollectionMonitor   : GC monitoring enabled, reporting results every 2 minutes.
2020-06-08 15:02:55.815  INFO 16924 --- [main] o.s.s.concurrent.ThreadPoolTaskExecutor  : Initializing ExecutorService 'applicationTaskExecutor'
2020-06-08 15:02:56.579  INFO 16924 --- [main] org.xnio                                 : XNIO version 3.3.8.Final
2020-06-08 15:02:56.610  INFO 16924 --- [main] org.xnio.nio                             : XNIO NIO Implementation Version 3.3.8.Final
2020-06-08 15:02:56.747  INFO 16924 --- [main] o.s.b.w.e.u.UndertowServletWebServer     : Undertow started on port(s) 2333 (http) with context path ''
2020-06-08 15:02:56.757  INFO 16924 --- [main] lavalink.server.Launcher                 : Started Launcher in 7.685 seconds (JVM running for 8.742)
2020-06-08 15:03:03.547  INFO 16924 --- [XNIO-1 task-1] io.undertow.servlet                      : Initializing Spring DispatcherServlet 'dispatcherServlet'
2020-06-08 15:03:03.549  INFO 16924 --- [XNIO-1 task-1] o.s.web.servlet.DispatcherServlet        : Initializing Servlet 'dispatcherServlet'
2020-06-08 15:03:03.564  INFO 16924 --- [XNIO-1 task-1] o.s.web.servlet.DispatcherServlet        : Completed initialization in 12 ms
2020-06-08 15:03:03.625  INFO 16924 --- [XNIO-1 task-1] l.server.io.HandshakeInterceptorImpl     : Incoming connection from /127.0.0.1:56062
2020-06-08 15:03:03.942  INFO 16924 --- [XNIO-1 task-1] lavalink.server.io.SocketServer          : Connection successfully established from /127.0.0.1:56062
2020-06-08 15:03:21.947  INFO 16924 --- [XNIO-1 I/O-2] lavalink.server.io.SocketServer          : Connection closed from /127.0.0.1:56062 -- CloseStatus[code=1006, reason=]
2020-06-08 15:03:21.949  INFO 16924 --- [XNIO-1 I/O-2] lavalink.server.io.SocketContext         : Shutting down 0 playing players.
2020-06-08 15:03:24.594  INFO 16924 --- [XNIO-1 task-2] l.server.io.HandshakeInterceptorImpl     : Incoming connection from /127.0.0.1:56071
2020-06-08 15:03:24.609  INFO 16924 --- [XNIO-1 task-2] lavalink.server.io.SocketServer          : Connection successfully established from /127.0.0.1:56071
2020-06-08 15:07:55.236  INFO 16924 --- [XNIO-1 I/O-3] lavalink.server.io.SocketServer          : Connection closed from /127.0.0.1:56071 -- CloseStatus[code=1006, reason=]
2020-06-08 15:07:55.237  INFO 16924 --- [XNIO-1 I/O-3] lavalink.server.io.SocketContext         : Shutting down 0 playing players.
2020-06-08 15:08:24.665  INFO 16924 --- [XNIO-1 task-3] l.server.io.HandshakeInterceptorImpl     : Incoming connection from /127.0.0.1:56120
2020-06-08 15:08:24.677  INFO 16924 --- [XNIO-1 task-3] lavalink.server.io.SocketServer          : Connection successfully established from /127.0.0.1:56120
2020-06-08 15:08:42.915  INFO 16924 --- [XNIO-1 I/O-4] lavalink.server.io.SocketServer          : Connection closed from /127.0.0.1:56120 -- CloseStatus[code=1006, reason=]
2020-06-08 15:08:42.921  INFO 16924 --- [XNIO-1 I/O-4] lavalink.server.io.SocketContext         : Shutting down 0 playing players.
2020-06-08 15:08:45.591  INFO 16924 --- [XNIO-1 task-4] l.server.io.HandshakeInterceptorImpl     : Incoming connection from /127.0.0.1:56129
2020-06-08 15:08:45.609  INFO 16924 --- [XNIO-1 task-4] lavalink.server.io.SocketServer          : Connection successfully established from /127.0.0.1:56129
2020-06-08 17:01:51.960  INFO 15928 --- [main] lavalink.server.Launcher                 : 

[32m       .  [31m _                  _ _       _    [32m__ _ _
[32m      /\\ [31m| | __ ___   ____ _| (_)_ __ | | __[32m\ \ \ \
[32m     ( ( )[31m| |/ _` \ \ / / _` | | | '_ \| |/ /[32m \ \ \ \
[32m      \\/ [31m| | (_| |\ V / (_| | | | | | |   < [32m  ) ) ) )
[32m       '  [31m|_|\__,_| \_/ \__,_|_|_|_| |_|_|\_\[32m / / / /
[0m    =========================================[32m/_/_/_/[0m

	Version:        3.3.1
	Build:          997
	Build time:     25.03.2020 12:30:43 UTC
	Branch          master
	Commit:         29f68ba
	Commit time:    25.03.2020 12:28:48 UTC
	JVM:            11.0.7
	Lavaplayer      1.3.38

2020-06-08 17:01:52.332  INFO 15928 --- [main] lavalink.server.Launcher                 : Starting Launcher on Family-HP with PID 15928 (C:\Users\Family\Desktop\Jamie\music_jambot\Lavalink.jar started by Family in C:\Users\Family\Desktop\Jamie\music_jambot)
2020-06-08 17:01:52.334  INFO 15928 --- [main] lavalink.server.Launcher                 : No active profile set, falling back to default profiles: default
2020-06-08 17:01:52.596  WARN 15928 --- [background-preinit] o.s.h.c.j.Jackson2ObjectMapperBuilder    : For Jackson Kotlin classes support please add "com.fasterxml.jackson.module:jackson-module-kotlin" to the classpath
2020-06-08 17:01:55.487  WARN 15928 --- [main] io.undertow.websockets.jsr               : UT026010: Buffer pool was not set on WebSocketDeploymentInfo, the default pool will be used
2020-06-08 17:01:55.551  INFO 15928 --- [main] io.undertow.servlet                      : Initializing Spring embedded WebApplicationContext
2020-06-08 17:01:55.552  INFO 15928 --- [main] o.s.web.context.ContextLoader            : Root WebApplicationContext: initialization completed in 3057 ms
2020-06-08 17:01:56.263  WARN 15928 --- [main] l.server.config.SentryConfiguration      : Turning off sentry
2020-06-08 17:01:56.286  INFO 15928 --- [main] l.s.c.AudioSendFactoryConfiguration      : OS: Windows 10, Arch: amd64
2020-06-08 17:01:56.287  INFO 15928 --- [main] l.s.c.AudioSendFactoryConfiguration      : JDA-NAS supported system detected. Enabled native audio sending.
2020-06-08 17:01:56.288  INFO 15928 --- [main] l.s.c.AudioSendFactoryConfiguration      : Setting buffer to 400ms
2020-06-08 17:01:56.291  INFO 15928 --- [main] l.s.c.AudioSendFactoryConfiguration      : Setting playlist load limit to 6
2020-06-08 17:01:56.765  INFO 15928 --- [main] c.s.d.l.tools.GarbageCollectionMonitor   : GC monitoring enabled, reporting results every 2 minutes.
2020-06-08 17:01:57.685  INFO 15928 --- [main] o.s.s.concurrent.ThreadPoolTaskExecutor  : Initializing ExecutorService 'applicationTaskExecutor'
2020-06-08 17:01:58.478  INFO 15928 --- [main] org.xnio                                 : XNIO version 3.3.8.Final
2020-06-08 17:01:58.518  INFO 15928 --- [main] org.xnio.nio                             : XNIO NIO Implementation Version 3.3.8.Final
2020-06-08 17:01:58.706  INFO 15928 --- [main] o.s.b.w.e.u.UndertowServletWebServer     : Undertow started on port(s) 2333 (http) with context path ''
2020-06-08 17:01:58.722  INFO 15928 --- [main] lavalink.server.Launcher                 : Started Launcher in 8.024 seconds (JVM running for 9.072)
2020-06-08 17:03:19.040  INFO 15928 --- [XNIO-1 task-1] io.undertow.servlet                      : Initializing Spring DispatcherServlet 'dispatcherServlet'
2020-06-08 17:03:19.041  INFO 15928 --- [XNIO-1 task-1] o.s.web.servlet.DispatcherServlet        : Initializing Servlet 'dispatcherServlet'
2020-06-08 17:03:19.057  INFO 15928 --- [XNIO-1 task-1] o.s.web.servlet.DispatcherServlet        : Completed initialization in 14 ms
2020-06-08 17:03:19.110  INFO 15928 --- [XNIO-1 task-1] l.server.io.HandshakeInterceptorImpl     : Incoming connection from /127.0.0.1:57713
2020-06-08 17:03:19.469  INFO 15928 --- [XNIO-1 task-1] lavalink.server.io.SocketServer          : Connection successfully established from /127.0.0.1:57713
2020-06-08 17:05:55.495  INFO 15928 --- [XNIO-1 I/O-1] lavalink.server.io.SocketServer          : Connection closed from /127.0.0.1:57713 -- CloseStatus[code=1006, reason=]
2020-06-08 17:05:55.499  INFO 15928 --- [XNIO-1 I/O-1] lavalink.server.io.SocketContext         : Shutting down 0 playing players.
2020-06-08 17:10:10.049  INFO 15928 --- [XNIO-1 task-2] l.server.io.HandshakeInterceptorImpl     : Incoming connection from /127.0.0.1:57759
2020-06-08 17:10:10.063  INFO 15928 --- [XNIO-1 task-2] lavalink.server.io.SocketServer          : Connection successfully established from /127.0.0.1:57759
2020-06-08 17:11:51.558  INFO 15928 --- [XNIO-1 I/O-3] lavalink.server.io.SocketServer          : Connection closed from /127.0.0.1:57759 -- CloseStatus[code=1006, reason=]
2020-06-08 17:11:51.561  INFO 15928 --- [XNIO-1 I/O-3] lavalink.server.io.SocketContext         : Shutting down 0 playing players.
2020-06-08 17:11:53.789  INFO 15928 --- [XNIO-1 task-3] l.server.io.HandshakeInterceptorImpl     : Incoming connection from /127.0.0.1:57773
2020-06-08 17:11:53.814  INFO 15928 --- [XNIO-1 task-3] lavalink.server.io.SocketServer          : Connection successfully established from /127.0.0.1:57773
2020-06-08 17:13:14.118  INFO 15928 --- [XNIO-1 I/O-1] lavalink.server.io.SocketServer          : Connection closed from /127.0.0.1:57773 -- CloseStatus[code=1006, reason=]
2020-06-08 17:13:14.120  INFO 15928 --- [XNIO-1 I/O-1] lavalink.server.io.SocketContext         : Shutting down 0 playing players.
2020-06-08 17:13:16.668  INFO 15928 --- [XNIO-1 task-4] l.server.io.HandshakeInterceptorImpl     : Incoming connection from /127.0.0.1:57790
2020-06-08 17:13:16.689  INFO 15928 --- [XNIO-1 task-4] lavalink.server.io.SocketServer          : Connection successfully established from /127.0.0.1:57790
2020-06-08 17:13:22.477  INFO 15928 --- [XNIO-1 I/O-2] lavalink.server.io.SocketServer          : Connection closed from /127.0.0.1:57790 -- CloseStatus[code=1006, reason=]
2020-06-08 17:13:22.478  INFO 15928 --- [XNIO-1 I/O-2] lavalink.server.io.SocketContext         : Shutting down 0 playing players.
2020-06-08 17:13:24.656  INFO 15928 --- [XNIO-1 task-5] l.server.io.HandshakeInterceptorImpl     : Incoming connection from /127.0.0.1:57798
2020-06-08 17:13:24.681  INFO 15928 --- [XNIO-1 task-5] lavalink.server.io.SocketServer          : Connection successfully established from /127.0.0.1:57798
2020-06-08 17:13:50.357  INFO 15928 --- [XNIO-1 I/O-2] lavalink.server.io.SocketServer          : Connection closed from /127.0.0.1:57798 -- CloseStatus[code=1006, reason=]
2020-06-08 17:13:50.358  INFO 15928 --- [XNIO-1 I/O-2] lavalink.server.io.SocketContext         : Shutting down 0 playing players.
2020-06-08 17:13:58.423  INFO 15928 --- [XNIO-1 task-6] l.server.io.HandshakeInterceptorImpl     : Incoming connection from /127.0.0.1:57806
2020-06-08 17:13:58.443  INFO 15928 --- [XNIO-1 task-6] lavalink.server.io.SocketServer          : Connection successfully established from /127.0.0.1:57806
